<?xml version="1.0" encoding="UTF-8"?>
<testsuite xmlns:xsi="http://www.w3.org/2001/XMLSchema-instance" xsi:noNamespaceSchemaLocation="https://maven.apache.org/surefire/maven-surefire-plugin/xsd/surefire-test-report.xsd" name="com.shinonometn.re.ssim.caterpillar.kingo.capture.CalendarPageProcessorTest" time="0.002" tests="1" errors="0" skipped="1" failures="0">
  <properties>
    <property name="gopherProxySet" value="false"/>
    <property name="awt.toolkit" value="sun.lwawt.macosx.LWCToolkit"/>
    <property name="file.encoding.pkg" value="sun.io"/>
    <property name="java.specification.version" value="1.8"/>
    <property name="sun.cpu.isalist" value=""/>
    <property name="sun.jnu.encoding" value="UTF-8"/>
    <property name="java.class.path" value="/Users/cattenlinger/Projects/shinonometn.com/re-ssim/re-ssim-caterpillar/target/test-classes:/Users/cattenlinger/Projects/shinonometn.com/re-ssim/re-ssim-caterpillar/target/classes:/Users/cattenlinger/.m2/repository/org/springframework/boot/spring-boot-starter-cache/2.0.2.RELEASE/spring-boot-starter-cache-2.0.2.RELEASE.jar:/Users/cattenlinger/.m2/repository/org/springframework/boot/spring-boot-starter/2.0.2.RELEASE/spring-boot-starter-2.0.2.RELEASE.jar:/Users/cattenlinger/.m2/repository/org/springframework/boot/spring-boot/2.0.2.RELEASE/spring-boot-2.0.2.RELEASE.jar:/Users/cattenlinger/.m2/repository/org/springframework/boot/spring-boot-starter-logging/2.0.2.RELEASE/spring-boot-starter-logging-2.0.2.RELEASE.jar:/Users/cattenlinger/.m2/repository/ch/qos/logback/logback-classic/1.2.3/logback-classic-1.2.3.jar:/Users/cattenlinger/.m2/repository/ch/qos/logback/logback-core/1.2.3/logback-core-1.2.3.jar:/Users/cattenlinger/.m2/repository/org/apache/logging/log4j/log4j-to-slf4j/2.10.0/log4j-to-slf4j-2.10.0.jar:/Users/cattenlinger/.m2/repository/org/apache/logging/log4j/log4j-api/2.10.0/log4j-api-2.10.0.jar:/Users/cattenlinger/.m2/repository/org/slf4j/jul-to-slf4j/1.7.25/jul-to-slf4j-1.7.25.jar:/Users/cattenlinger/.m2/repository/javax/annotation/javax.annotation-api/1.3.2/javax.annotation-api-1.3.2.jar:/Users/cattenlinger/.m2/repository/org/yaml/snakeyaml/1.19/snakeyaml-1.19.jar:/Users/cattenlinger/.m2/repository/org/springframework/spring-context/5.0.6.RELEASE/spring-context-5.0.6.RELEASE.jar:/Users/cattenlinger/.m2/repository/org/springframework/spring-aop/5.0.6.RELEASE/spring-aop-5.0.6.RELEASE.jar:/Users/cattenlinger/.m2/repository/org/springframework/spring-beans/5.0.6.RELEASE/spring-beans-5.0.6.RELEASE.jar:/Users/cattenlinger/.m2/repository/org/springframework/spring-expression/5.0.6.RELEASE/spring-expression-5.0.6.RELEASE.jar:/Users/cattenlinger/.m2/repository/org/springframework/spring-context-support/5.0.6.RELEASE/spring-context-support-5.0.6.RELEASE.jar:/Users/cattenlinger/.m2/repository/org/springframework/boot/spring-boot-starter-data-mongodb/2.0.2.RELEASE/spring-boot-starter-data-mongodb-2.0.2.RELEASE.jar:/Users/cattenlinger/.m2/repository/org/mongodb/mongodb-driver/3.6.3/mongodb-driver-3.6.3.jar:/Users/cattenlinger/.m2/repository/org/mongodb/bson/3.6.3/bson-3.6.3.jar:/Users/cattenlinger/.m2/repository/org/mongodb/mongodb-driver-core/3.6.3/mongodb-driver-core-3.6.3.jar:/Users/cattenlinger/.m2/repository/org/springframework/data/spring-data-mongodb/2.0.7.RELEASE/spring-data-mongodb-2.0.7.RELEASE.jar:/Users/cattenlinger/.m2/repository/org/springframework/spring-tx/5.0.6.RELEASE/spring-tx-5.0.6.RELEASE.jar:/Users/cattenlinger/.m2/repository/org/springframework/data/spring-data-commons/2.0.7.RELEASE/spring-data-commons-2.0.7.RELEASE.jar:/Users/cattenlinger/.m2/repository/org/springframework/boot/spring-boot-starter-data-redis/2.0.2.RELEASE/spring-boot-starter-data-redis-2.0.2.RELEASE.jar:/Users/cattenlinger/.m2/repository/org/springframework/data/spring-data-redis/2.0.7.RELEASE/spring-data-redis-2.0.7.RELEASE.jar:/Users/cattenlinger/.m2/repository/org/springframework/data/spring-data-keyvalue/2.0.7.RELEASE/spring-data-keyvalue-2.0.7.RELEASE.jar:/Users/cattenlinger/.m2/repository/org/springframework/spring-oxm/5.0.6.RELEASE/spring-oxm-5.0.6.RELEASE.jar:/Users/cattenlinger/.m2/repository/io/lettuce/lettuce-core/5.0.4.RELEASE/lettuce-core-5.0.4.RELEASE.jar:/Users/cattenlinger/.m2/repository/io/projectreactor/reactor-core/3.1.7.RELEASE/reactor-core-3.1.7.RELEASE.jar:/Users/cattenlinger/.m2/repository/org/reactivestreams/reactive-streams/1.0.2/reactive-streams-1.0.2.jar:/Users/cattenlinger/.m2/repository/io/netty/netty-common/4.1.24.Final/netty-common-4.1.24.Final.jar:/Users/cattenlinger/.m2/repository/io/netty/netty-transport/4.1.24.Final/netty-transport-4.1.24.Final.jar:/Users/cattenlinger/.m2/repository/io/netty/netty-buffer/4.1.24.Final/netty-buffer-4.1.24.Final.jar:/Users/cattenlinger/.m2/repository/io/netty/netty-resolver/4.1.24.Final/netty-resolver-4.1.24.Final.jar:/Users/cattenlinger/.m2/repository/io/netty/netty-handler/4.1.24.Final/netty-handler-4.1.24.Final.jar:/Users/cattenlinger/.m2/repository/io/netty/netty-codec/4.1.24.Final/netty-codec-4.1.24.Final.jar:/Users/cattenlinger/.m2/repository/org/springframework/boot/spring-boot-starter-web/2.0.2.RELEASE/spring-boot-starter-web-2.0.2.RELEASE.jar:/Users/cattenlinger/.m2/repository/org/springframework/boot/spring-boot-starter-json/2.0.2.RELEASE/spring-boot-starter-json-2.0.2.RELEASE.jar:/Users/cattenlinger/.m2/repository/com/fasterxml/jackson/core/jackson-databind/2.9.5/jackson-databind-2.9.5.jar:/Users/cattenlinger/.m2/repository/com/fasterxml/jackson/core/jackson-annotations/2.9.0/jackson-annotations-2.9.0.jar:/Users/cattenlinger/.m2/repository/com/fasterxml/jackson/core/jackson-core/2.9.5/jackson-core-2.9.5.jar:/Users/cattenlinger/.m2/repository/com/fasterxml/jackson/datatype/jackson-datatype-jdk8/2.9.5/jackson-datatype-jdk8-2.9.5.jar:/Users/cattenlinger/.m2/repository/com/fasterxml/jackson/datatype/jackson-datatype-jsr310/2.9.5/jackson-datatype-jsr310-2.9.5.jar:/Users/cattenlinger/.m2/repository/com/fasterxml/jackson/module/jackson-module-parameter-names/2.9.5/jackson-module-parameter-names-2.9.5.jar:/Users/cattenlinger/.m2/repository/org/springframework/boot/spring-boot-starter-tomcat/2.0.2.RELEASE/spring-boot-starter-tomcat-2.0.2.RELEASE.jar:/Users/cattenlinger/.m2/repository/org/apache/tomcat/embed/tomcat-embed-core/8.5.31/tomcat-embed-core-8.5.31.jar:/Users/cattenlinger/.m2/repository/org/apache/tomcat/embed/tomcat-embed-el/8.5.31/tomcat-embed-el-8.5.31.jar:/Users/cattenlinger/.m2/repository/org/apache/tomcat/embed/tomcat-embed-websocket/8.5.31/tomcat-embed-websocket-8.5.31.jar:/Users/cattenlinger/.m2/repository/org/hibernate/validator/hibernate-validator/6.0.9.Final/hibernate-validator-6.0.9.Final.jar:/Users/cattenlinger/.m2/repository/javax/validation/validation-api/2.0.1.Final/validation-api-2.0.1.Final.jar:/Users/cattenlinger/.m2/repository/org/jboss/logging/jboss-logging/3.3.2.Final/jboss-logging-3.3.2.Final.jar:/Users/cattenlinger/.m2/repository/com/fasterxml/classmate/1.3.4/classmate-1.3.4.jar:/Users/cattenlinger/.m2/repository/org/springframework/spring-web/5.0.6.RELEASE/spring-web-5.0.6.RELEASE.jar:/Users/cattenlinger/.m2/repository/org/springframework/spring-webmvc/5.0.6.RELEASE/spring-webmvc-5.0.6.RELEASE.jar:/Users/cattenlinger/.m2/repository/org/springframework/session/spring-session-data-redis/2.0.3.RELEASE/spring-session-data-redis-2.0.3.RELEASE.jar:/Users/cattenlinger/.m2/repository/org/springframework/session/spring-session-core/2.0.3.RELEASE/spring-session-core-2.0.3.RELEASE.jar:/Users/cattenlinger/.m2/repository/org/springframework/spring-jcl/5.0.6.RELEASE/spring-jcl-5.0.6.RELEASE.jar:/Users/cattenlinger/.m2/repository/org/apache/shiro/shiro-spring-boot-starter/1.4.0-RC2/shiro-spring-boot-starter-1.4.0-RC2.jar:/Users/cattenlinger/.m2/repository/org/apache/shiro/shiro-spring/1.4.0-RC2/shiro-spring-1.4.0-RC2.jar:/Users/cattenlinger/.m2/repository/org/apache/shiro/shiro-core/1.4.0-RC2/shiro-core-1.4.0-RC2.jar:/Users/cattenlinger/.m2/repository/org/apache/shiro/shiro-lang/1.4.0-RC2/shiro-lang-1.4.0-RC2.jar:/Users/cattenlinger/.m2/repository/org/apache/shiro/shiro-cache/1.4.0-RC2/shiro-cache-1.4.0-RC2.jar:/Users/cattenlinger/.m2/repository/org/apache/shiro/shiro-crypto-hash/1.4.0-RC2/shiro-crypto-hash-1.4.0-RC2.jar:/Users/cattenlinger/.m2/repository/org/apache/shiro/shiro-crypto-core/1.4.0-RC2/shiro-crypto-core-1.4.0-RC2.jar:/Users/cattenlinger/.m2/repository/org/apache/shiro/shiro-crypto-cipher/1.4.0-RC2/shiro-crypto-cipher-1.4.0-RC2.jar:/Users/cattenlinger/.m2/repository/org/apache/shiro/shiro-config-core/1.4.0-RC2/shiro-config-core-1.4.0-RC2.jar:/Users/cattenlinger/.m2/repository/org/apache/shiro/shiro-config-ogdl/1.4.0-RC2/shiro-config-ogdl-1.4.0-RC2.jar:/Users/cattenlinger/.m2/repository/commons-beanutils/commons-beanutils/1.9.3/commons-beanutils-1.9.3.jar:/Users/cattenlinger/.m2/repository/org/apache/shiro/shiro-event/1.4.0-RC2/shiro-event-1.4.0-RC2.jar:/Users/cattenlinger/.m2/repository/org/apache/shiro/shiro-web/1.4.0-RC2/shiro-web-1.4.0-RC2.jar:/Users/cattenlinger/.m2/repository/org/springframework/boot/spring-boot-autoconfigure/2.0.2.RELEASE/spring-boot-autoconfigure-2.0.2.RELEASE.jar:/Users/cattenlinger/.m2/repository/us/codecraft/webmagic-core/0.7.3/webmagic-core-0.7.3.jar:/Users/cattenlinger/.m2/repository/org/apache/httpcomponents/httpclient/4.5.5/httpclient-4.5.5.jar:/Users/cattenlinger/.m2/repository/org/apache/httpcomponents/httpcore/4.4.9/httpcore-4.4.9.jar:/Users/cattenlinger/.m2/repository/org/apache/commons/commons-lang3/3.7/commons-lang3-3.7.jar:/Users/cattenlinger/.m2/repository/us/codecraft/xsoup/0.3.1/xsoup-0.3.1.jar:/Users/cattenlinger/.m2/repository/org/slf4j/slf4j-api/1.7.25/slf4j-api-1.7.25.jar:/Users/cattenlinger/.m2/repository/org/slf4j/slf4j-log4j12/1.7.25/slf4j-log4j12-1.7.25.jar:/Users/cattenlinger/.m2/repository/log4j/log4j/1.2.17/log4j-1.2.17.jar:/Users/cattenlinger/.m2/repository/commons-collections/commons-collections/3.2.2/commons-collections-3.2.2.jar:/Users/cattenlinger/.m2/repository/org/jsoup/jsoup/1.10.3/jsoup-1.10.3.jar:/Users/cattenlinger/.m2/repository/commons-io/commons-io/1.3.2/commons-io-1.3.2.jar:/Users/cattenlinger/.m2/repository/com/jayway/jsonpath/json-path/2.4.0/json-path-2.4.0.jar:/Users/cattenlinger/.m2/repository/net/minidev/json-smart/2.3/json-smart-2.3.jar:/Users/cattenlinger/.m2/repository/net/minidev/accessors-smart/1.2/accessors-smart-1.2.jar:/Users/cattenlinger/.m2/repository/org/ow2/asm/asm/5.0.4/asm-5.0.4.jar:/Users/cattenlinger/.m2/repository/com/alibaba/fastjson/1.2.28/fastjson-1.2.28.jar:/Users/cattenlinger/.m2/repository/com/shinonometn/snnmtn-tools/1.1-SNAPSHOT/snnmtn-tools-1.1-SNAPSHOT.jar:/Users/cattenlinger/.m2/repository/commons-codec/commons-codec/1.11/commons-codec-1.11.jar:/Users/cattenlinger/.m2/repository/org/springframework/boot/spring-boot-starter-test/2.0.2.RELEASE/spring-boot-starter-test-2.0.2.RELEASE.jar:/Users/cattenlinger/.m2/repository/org/springframework/boot/spring-boot-test/2.0.2.RELEASE/spring-boot-test-2.0.2.RELEASE.jar:/Users/cattenlinger/.m2/repository/org/springframework/boot/spring-boot-test-autoconfigure/2.0.2.RELEASE/spring-boot-test-autoconfigure-2.0.2.RELEASE.jar:/Users/cattenlinger/.m2/repository/junit/junit/4.12/junit-4.12.jar:/Users/cattenlinger/.m2/repository/org/assertj/assertj-core/3.9.1/assertj-core-3.9.1.jar:/Users/cattenlinger/.m2/repository/org/mockito/mockito-core/2.15.0/mockito-core-2.15.0.jar:/Users/cattenlinger/.m2/repository/net/bytebuddy/byte-buddy/1.7.11/byte-buddy-1.7.11.jar:/Users/cattenlinger/.m2/repository/net/bytebuddy/byte-buddy-agent/1.7.11/byte-buddy-agent-1.7.11.jar:/Users/cattenlinger/.m2/repository/org/objenesis/objenesis/2.6/objenesis-2.6.jar:/Users/cattenlinger/.m2/repository/org/hamcrest/hamcrest-core/1.3/hamcrest-core-1.3.jar:/Users/cattenlinger/.m2/repository/org/hamcrest/hamcrest-library/1.3/hamcrest-library-1.3.jar:/Users/cattenlinger/.m2/repository/org/skyscreamer/jsonassert/1.5.0/jsonassert-1.5.0.jar:/Users/cattenlinger/.m2/repository/com/vaadin/external/google/android-json/0.0.20131108.vaadin1/android-json-0.0.20131108.vaadin1.jar:/Users/cattenlinger/.m2/repository/org/springframework/spring-core/5.0.6.RELEASE/spring-core-5.0.6.RELEASE.jar:/Users/cattenlinger/.m2/repository/org/springframework/spring-test/5.0.6.RELEASE/spring-test-5.0.6.RELEASE.jar:/Users/cattenlinger/.m2/repository/org/xmlunit/xmlunit-core/2.5.1/xmlunit-core-2.5.1.jar:/Users/cattenlinger/.m2/repository/org/jetbrains/kotlin/kotlin-stdlib-jdk8/1.2.41/kotlin-stdlib-jdk8-1.2.41.jar:/Users/cattenlinger/.m2/repository/org/jetbrains/kotlin/kotlin-stdlib/1.2.41/kotlin-stdlib-1.2.41.jar:/Users/cattenlinger/.m2/repository/org/jetbrains/annotations/13.0/annotations-13.0.jar:/Users/cattenlinger/.m2/repository/org/jetbrains/kotlin/kotlin-stdlib-jdk7/1.2.41/kotlin-stdlib-jdk7-1.2.41.jar:/Users/cattenlinger/.m2/repository/org/jetbrains/kotlin/kotlin-reflect/1.2.41/kotlin-reflect-1.2.41.jar:/Users/cattenlinger/.m2/repository/org/jetbrains/kotlin/kotlin-test-junit/1.2.41/kotlin-test-junit-1.2.41.jar:/Users/cattenlinger/.m2/repository/org/jetbrains/kotlin/kotlin-test-annotations-common/1.2.41/kotlin-test-annotations-common-1.2.41.jar:/Users/cattenlinger/.m2/repository/org/jetbrains/kotlin/kotlin-stdlib-common/1.2.41/kotlin-stdlib-common-1.2.41.jar:/Users/cattenlinger/.m2/repository/org/jetbrains/kotlin/kotlin-test/1.2.41/kotlin-test-1.2.41.jar:/Users/cattenlinger/.m2/repository/org/jetbrains/kotlin/kotlin-test-common/1.2.41/kotlin-test-common-1.2.41.jar:"/>
    <property name="java.vm.vendor" value="Oracle Corporation"/>
    <property name="sun.arch.data.model" value="64"/>
    <property name="java.vendor.url" value="http://java.oracle.com/"/>
    <property name="user.timezone" value=""/>
    <property name="user.country.format" value="CN"/>
    <property name="java.vm.specification.version" value="1.8"/>
    <property name="os.name" value="Mac OS X"/>
    <property name="user.country" value="TW"/>
    <property name="sun.java.launcher" value="SUN_STANDARD"/>
    <property name="sun.boot.library.path" value="/Library/Java/JavaVirtualMachines/jdk1.8.0_162.jdk/Contents/Home/jre/lib"/>
    <property name="sun.java.command" value="/Users/cattenlinger/Projects/shinonometn.com/re-ssim/re-ssim-caterpillar/target/surefire/surefirebooter371475168962717766.jar /Users/cattenlinger/Projects/shinonometn.com/re-ssim/re-ssim-caterpillar/target/surefire 2018-11-29T14-28-42_401-jvmRun1 surefire8800950555679622956tmp surefire_06268241267512500226tmp"/>
    <property name="surefire.test.class.path" value="/Users/cattenlinger/Projects/shinonometn.com/re-ssim/re-ssim-caterpillar/target/test-classes:/Users/cattenlinger/Projects/shinonometn.com/re-ssim/re-ssim-caterpillar/target/classes:/Users/cattenlinger/.m2/repository/org/springframework/boot/spring-boot-starter-cache/2.0.2.RELEASE/spring-boot-starter-cache-2.0.2.RELEASE.jar:/Users/cattenlinger/.m2/repository/org/springframework/boot/spring-boot-starter/2.0.2.RELEASE/spring-boot-starter-2.0.2.RELEASE.jar:/Users/cattenlinger/.m2/repository/org/springframework/boot/spring-boot/2.0.2.RELEASE/spring-boot-2.0.2.RELEASE.jar:/Users/cattenlinger/.m2/repository/org/springframework/boot/spring-boot-starter-logging/2.0.2.RELEASE/spring-boot-starter-logging-2.0.2.RELEASE.jar:/Users/cattenlinger/.m2/repository/ch/qos/logback/logback-classic/1.2.3/logback-classic-1.2.3.jar:/Users/cattenlinger/.m2/repository/ch/qos/logback/logback-core/1.2.3/logback-core-1.2.3.jar:/Users/cattenlinger/.m2/repository/org/apache/logging/log4j/log4j-to-slf4j/2.10.0/log4j-to-slf4j-2.10.0.jar:/Users/cattenlinger/.m2/repository/org/apache/logging/log4j/log4j-api/2.10.0/log4j-api-2.10.0.jar:/Users/cattenlinger/.m2/repository/org/slf4j/jul-to-slf4j/1.7.25/jul-to-slf4j-1.7.25.jar:/Users/cattenlinger/.m2/repository/javax/annotation/javax.annotation-api/1.3.2/javax.annotation-api-1.3.2.jar:/Users/cattenlinger/.m2/repository/org/yaml/snakeyaml/1.19/snakeyaml-1.19.jar:/Users/cattenlinger/.m2/repository/org/springframework/spring-context/5.0.6.RELEASE/spring-context-5.0.6.RELEASE.jar:/Users/cattenlinger/.m2/repository/org/springframework/spring-aop/5.0.6.RELEASE/spring-aop-5.0.6.RELEASE.jar:/Users/cattenlinger/.m2/repository/org/springframework/spring-beans/5.0.6.RELEASE/spring-beans-5.0.6.RELEASE.jar:/Users/cattenlinger/.m2/repository/org/springframework/spring-expression/5.0.6.RELEASE/spring-expression-5.0.6.RELEASE.jar:/Users/cattenlinger/.m2/repository/org/springframework/spring-context-support/5.0.6.RELEASE/spring-context-support-5.0.6.RELEASE.jar:/Users/cattenlinger/.m2/repository/org/springframework/boot/spring-boot-starter-data-mongodb/2.0.2.RELEASE/spring-boot-starter-data-mongodb-2.0.2.RELEASE.jar:/Users/cattenlinger/.m2/repository/org/mongodb/mongodb-driver/3.6.3/mongodb-driver-3.6.3.jar:/Users/cattenlinger/.m2/repository/org/mongodb/bson/3.6.3/bson-3.6.3.jar:/Users/cattenlinger/.m2/repository/org/mongodb/mongodb-driver-core/3.6.3/mongodb-driver-core-3.6.3.jar:/Users/cattenlinger/.m2/repository/org/springframework/data/spring-data-mongodb/2.0.7.RELEASE/spring-data-mongodb-2.0.7.RELEASE.jar:/Users/cattenlinger/.m2/repository/org/springframework/spring-tx/5.0.6.RELEASE/spring-tx-5.0.6.RELEASE.jar:/Users/cattenlinger/.m2/repository/org/springframework/data/spring-data-commons/2.0.7.RELEASE/spring-data-commons-2.0.7.RELEASE.jar:/Users/cattenlinger/.m2/repository/org/springframework/boot/spring-boot-starter-data-redis/2.0.2.RELEASE/spring-boot-starter-data-redis-2.0.2.RELEASE.jar:/Users/cattenlinger/.m2/repository/org/springframework/data/spring-data-redis/2.0.7.RELEASE/spring-data-redis-2.0.7.RELEASE.jar:/Users/cattenlinger/.m2/repository/org/springframework/data/spring-data-keyvalue/2.0.7.RELEASE/spring-data-keyvalue-2.0.7.RELEASE.jar:/Users/cattenlinger/.m2/repository/org/springframework/spring-oxm/5.0.6.RELEASE/spring-oxm-5.0.6.RELEASE.jar:/Users/cattenlinger/.m2/repository/io/lettuce/lettuce-core/5.0.4.RELEASE/lettuce-core-5.0.4.RELEASE.jar:/Users/cattenlinger/.m2/repository/io/projectreactor/reactor-core/3.1.7.RELEASE/reactor-core-3.1.7.RELEASE.jar:/Users/cattenlinger/.m2/repository/org/reactivestreams/reactive-streams/1.0.2/reactive-streams-1.0.2.jar:/Users/cattenlinger/.m2/repository/io/netty/netty-common/4.1.24.Final/netty-common-4.1.24.Final.jar:/Users/cattenlinger/.m2/repository/io/netty/netty-transport/4.1.24.Final/netty-transport-4.1.24.Final.jar:/Users/cattenlinger/.m2/repository/io/netty/netty-buffer/4.1.24.Final/netty-buffer-4.1.24.Final.jar:/Users/cattenlinger/.m2/repository/io/netty/netty-resolver/4.1.24.Final/netty-resolver-4.1.24.Final.jar:/Users/cattenlinger/.m2/repository/io/netty/netty-handler/4.1.24.Final/netty-handler-4.1.24.Final.jar:/Users/cattenlinger/.m2/repository/io/netty/netty-codec/4.1.24.Final/netty-codec-4.1.24.Final.jar:/Users/cattenlinger/.m2/repository/org/springframework/boot/spring-boot-starter-web/2.0.2.RELEASE/spring-boot-starter-web-2.0.2.RELEASE.jar:/Users/cattenlinger/.m2/repository/org/springframework/boot/spring-boot-starter-json/2.0.2.RELEASE/spring-boot-starter-json-2.0.2.RELEASE.jar:/Users/cattenlinger/.m2/repository/com/fasterxml/jackson/core/jackson-databind/2.9.5/jackson-databind-2.9.5.jar:/Users/cattenlinger/.m2/repository/com/fasterxml/jackson/core/jackson-annotations/2.9.0/jackson-annotations-2.9.0.jar:/Users/cattenlinger/.m2/repository/com/fasterxml/jackson/core/jackson-core/2.9.5/jackson-core-2.9.5.jar:/Users/cattenlinger/.m2/repository/com/fasterxml/jackson/datatype/jackson-datatype-jdk8/2.9.5/jackson-datatype-jdk8-2.9.5.jar:/Users/cattenlinger/.m2/repository/com/fasterxml/jackson/datatype/jackson-datatype-jsr310/2.9.5/jackson-datatype-jsr310-2.9.5.jar:/Users/cattenlinger/.m2/repository/com/fasterxml/jackson/module/jackson-module-parameter-names/2.9.5/jackson-module-parameter-names-2.9.5.jar:/Users/cattenlinger/.m2/repository/org/springframework/boot/spring-boot-starter-tomcat/2.0.2.RELEASE/spring-boot-starter-tomcat-2.0.2.RELEASE.jar:/Users/cattenlinger/.m2/repository/org/apache/tomcat/embed/tomcat-embed-core/8.5.31/tomcat-embed-core-8.5.31.jar:/Users/cattenlinger/.m2/repository/org/apache/tomcat/embed/tomcat-embed-el/8.5.31/tomcat-embed-el-8.5.31.jar:/Users/cattenlinger/.m2/repository/org/apache/tomcat/embed/tomcat-embed-websocket/8.5.31/tomcat-embed-websocket-8.5.31.jar:/Users/cattenlinger/.m2/repository/org/hibernate/validator/hibernate-validator/6.0.9.Final/hibernate-validator-6.0.9.Final.jar:/Users/cattenlinger/.m2/repository/javax/validation/validation-api/2.0.1.Final/validation-api-2.0.1.Final.jar:/Users/cattenlinger/.m2/repository/org/jboss/logging/jboss-logging/3.3.2.Final/jboss-logging-3.3.2.Final.jar:/Users/cattenlinger/.m2/repository/com/fasterxml/classmate/1.3.4/classmate-1.3.4.jar:/Users/cattenlinger/.m2/repository/org/springframework/spring-web/5.0.6.RELEASE/spring-web-5.0.6.RELEASE.jar:/Users/cattenlinger/.m2/repository/org/springframework/spring-webmvc/5.0.6.RELEASE/spring-webmvc-5.0.6.RELEASE.jar:/Users/cattenlinger/.m2/repository/org/springframework/session/spring-session-data-redis/2.0.3.RELEASE/spring-session-data-redis-2.0.3.RELEASE.jar:/Users/cattenlinger/.m2/repository/org/springframework/session/spring-session-core/2.0.3.RELEASE/spring-session-core-2.0.3.RELEASE.jar:/Users/cattenlinger/.m2/repository/org/springframework/spring-jcl/5.0.6.RELEASE/spring-jcl-5.0.6.RELEASE.jar:/Users/cattenlinger/.m2/repository/org/apache/shiro/shiro-spring-boot-starter/1.4.0-RC2/shiro-spring-boot-starter-1.4.0-RC2.jar:/Users/cattenlinger/.m2/repository/org/apache/shiro/shiro-spring/1.4.0-RC2/shiro-spring-1.4.0-RC2.jar:/Users/cattenlinger/.m2/repository/org/apache/shiro/shiro-core/1.4.0-RC2/shiro-core-1.4.0-RC2.jar:/Users/cattenlinger/.m2/repository/org/apache/shiro/shiro-lang/1.4.0-RC2/shiro-lang-1.4.0-RC2.jar:/Users/cattenlinger/.m2/repository/org/apache/shiro/shiro-cache/1.4.0-RC2/shiro-cache-1.4.0-RC2.jar:/Users/cattenlinger/.m2/repository/org/apache/shiro/shiro-crypto-hash/1.4.0-RC2/shiro-crypto-hash-1.4.0-RC2.jar:/Users/cattenlinger/.m2/repository/org/apache/shiro/shiro-crypto-core/1.4.0-RC2/shiro-crypto-core-1.4.0-RC2.jar:/Users/cattenlinger/.m2/repository/org/apache/shiro/shiro-crypto-cipher/1.4.0-RC2/shiro-crypto-cipher-1.4.0-RC2.jar:/Users/cattenlinger/.m2/repository/org/apache/shiro/shiro-config-core/1.4.0-RC2/shiro-config-core-1.4.0-RC2.jar:/Users/cattenlinger/.m2/repository/org/apache/shiro/shiro-config-ogdl/1.4.0-RC2/shiro-config-ogdl-1.4.0-RC2.jar:/Users/cattenlinger/.m2/repository/commons-beanutils/commons-beanutils/1.9.3/commons-beanutils-1.9.3.jar:/Users/cattenlinger/.m2/repository/org/apache/shiro/shiro-event/1.4.0-RC2/shiro-event-1.4.0-RC2.jar:/Users/cattenlinger/.m2/repository/org/apache/shiro/shiro-web/1.4.0-RC2/shiro-web-1.4.0-RC2.jar:/Users/cattenlinger/.m2/repository/org/springframework/boot/spring-boot-autoconfigure/2.0.2.RELEASE/spring-boot-autoconfigure-2.0.2.RELEASE.jar:/Users/cattenlinger/.m2/repository/us/codecraft/webmagic-core/0.7.3/webmagic-core-0.7.3.jar:/Users/cattenlinger/.m2/repository/org/apache/httpcomponents/httpclient/4.5.5/httpclient-4.5.5.jar:/Users/cattenlinger/.m2/repository/org/apache/httpcomponents/httpcore/4.4.9/httpcore-4.4.9.jar:/Users/cattenlinger/.m2/repository/org/apache/commons/commons-lang3/3.7/commons-lang3-3.7.jar:/Users/cattenlinger/.m2/repository/us/codecraft/xsoup/0.3.1/xsoup-0.3.1.jar:/Users/cattenlinger/.m2/repository/org/slf4j/slf4j-api/1.7.25/slf4j-api-1.7.25.jar:/Users/cattenlinger/.m2/repository/org/slf4j/slf4j-log4j12/1.7.25/slf4j-log4j12-1.7.25.jar:/Users/cattenlinger/.m2/repository/log4j/log4j/1.2.17/log4j-1.2.17.jar:/Users/cattenlinger/.m2/repository/commons-collections/commons-collections/3.2.2/commons-collections-3.2.2.jar:/Users/cattenlinger/.m2/repository/org/jsoup/jsoup/1.10.3/jsoup-1.10.3.jar:/Users/cattenlinger/.m2/repository/commons-io/commons-io/1.3.2/commons-io-1.3.2.jar:/Users/cattenlinger/.m2/repository/com/jayway/jsonpath/json-path/2.4.0/json-path-2.4.0.jar:/Users/cattenlinger/.m2/repository/net/minidev/json-smart/2.3/json-smart-2.3.jar:/Users/cattenlinger/.m2/repository/net/minidev/accessors-smart/1.2/accessors-smart-1.2.jar:/Users/cattenlinger/.m2/repository/org/ow2/asm/asm/5.0.4/asm-5.0.4.jar:/Users/cattenlinger/.m2/repository/com/alibaba/fastjson/1.2.28/fastjson-1.2.28.jar:/Users/cattenlinger/.m2/repository/com/shinonometn/snnmtn-tools/1.1-SNAPSHOT/snnmtn-tools-1.1-SNAPSHOT.jar:/Users/cattenlinger/.m2/repository/commons-codec/commons-codec/1.11/commons-codec-1.11.jar:/Users/cattenlinger/.m2/repository/org/springframework/boot/spring-boot-starter-test/2.0.2.RELEASE/spring-boot-starter-test-2.0.2.RELEASE.jar:/Users/cattenlinger/.m2/repository/org/springframework/boot/spring-boot-test/2.0.2.RELEASE/spring-boot-test-2.0.2.RELEASE.jar:/Users/cattenlinger/.m2/repository/org/springframework/boot/spring-boot-test-autoconfigure/2.0.2.RELEASE/spring-boot-test-autoconfigure-2.0.2.RELEASE.jar:/Users/cattenlinger/.m2/repository/junit/junit/4.12/junit-4.12.jar:/Users/cattenlinger/.m2/repository/org/assertj/assertj-core/3.9.1/assertj-core-3.9.1.jar:/Users/cattenlinger/.m2/repository/org/mockito/mockito-core/2.15.0/mockito-core-2.15.0.jar:/Users/cattenlinger/.m2/repository/net/bytebuddy/byte-buddy/1.7.11/byte-buddy-1.7.11.jar:/Users/cattenlinger/.m2/repository/net/bytebuddy/byte-buddy-agent/1.7.11/byte-buddy-agent-1.7.11.jar:/Users/cattenlinger/.m2/repository/org/objenesis/objenesis/2.6/objenesis-2.6.jar:/Users/cattenlinger/.m2/repository/org/hamcrest/hamcrest-core/1.3/hamcrest-core-1.3.jar:/Users/cattenlinger/.m2/repository/org/hamcrest/hamcrest-library/1.3/hamcrest-library-1.3.jar:/Users/cattenlinger/.m2/repository/org/skyscreamer/jsonassert/1.5.0/jsonassert-1.5.0.jar:/Users/cattenlinger/.m2/repository/com/vaadin/external/google/android-json/0.0.20131108.vaadin1/android-json-0.0.20131108.vaadin1.jar:/Users/cattenlinger/.m2/repository/org/springframework/spring-core/5.0.6.RELEASE/spring-core-5.0.6.RELEASE.jar:/Users/cattenlinger/.m2/repository/org/springframework/spring-test/5.0.6.RELEASE/spring-test-5.0.6.RELEASE.jar:/Users/cattenlinger/.m2/repository/org/xmlunit/xmlunit-core/2.5.1/xmlunit-core-2.5.1.jar:/Users/cattenlinger/.m2/repository/org/jetbrains/kotlin/kotlin-stdlib-jdk8/1.2.41/kotlin-stdlib-jdk8-1.2.41.jar:/Users/cattenlinger/.m2/repository/org/jetbrains/kotlin/kotlin-stdlib/1.2.41/kotlin-stdlib-1.2.41.jar:/Users/cattenlinger/.m2/repository/org/jetbrains/annotations/13.0/annotations-13.0.jar:/Users/cattenlinger/.m2/repository/org/jetbrains/kotlin/kotlin-stdlib-jdk7/1.2.41/kotlin-stdlib-jdk7-1.2.41.jar:/Users/cattenlinger/.m2/repository/org/jetbrains/kotlin/kotlin-reflect/1.2.41/kotlin-reflect-1.2.41.jar:/Users/cattenlinger/.m2/repository/org/jetbrains/kotlin/kotlin-test-junit/1.2.41/kotlin-test-junit-1.2.41.jar:/Users/cattenlinger/.m2/repository/org/jetbrains/kotlin/kotlin-test-annotations-common/1.2.41/kotlin-test-annotations-common-1.2.41.jar:/Users/cattenlinger/.m2/repository/org/jetbrains/kotlin/kotlin-stdlib-common/1.2.41/kotlin-stdlib-common-1.2.41.jar:/Users/cattenlinger/.m2/repository/org/jetbrains/kotlin/kotlin-test/1.2.41/kotlin-test-1.2.41.jar:/Users/cattenlinger/.m2/repository/org/jetbrains/kotlin/kotlin-test-common/1.2.41/kotlin-test-common-1.2.41.jar:"/>
    <property name="sun.cpu.endian" value="little"/>
    <property name="user.home" value="/Users/cattenlinger"/>
    <property name="user.language" value="zh"/>
    <property name="java.specification.vendor" value="Oracle Corporation"/>
    <property name="java.home" value="/Library/Java/JavaVirtualMachines/jdk1.8.0_162.jdk/Contents/Home/jre"/>
    <property name="basedir" value="/Users/cattenlinger/Projects/shinonometn.com/re-ssim/re-ssim-caterpillar"/>
    <property name="file.separator" value="/"/>
    <property name="line.separator" value="&#10;"/>
    <property name="java.vm.specification.vendor" value="Oracle Corporation"/>
    <property name="java.specification.name" value="Java Platform API Specification"/>
    <property name="java.awt.graphicsenv" value="sun.awt.CGraphicsEnvironment"/>
    <property name="surefire.real.class.path" value="/Users/cattenlinger/Projects/shinonometn.com/re-ssim/re-ssim-caterpillar/target/surefire/surefirebooter371475168962717766.jar"/>
    <property name="sun.boot.class.path" value="/Library/Java/JavaVirtualMachines/jdk1.8.0_162.jdk/Contents/Home/jre/lib/resources.jar:/Library/Java/JavaVirtualMachines/jdk1.8.0_162.jdk/Contents/Home/jre/lib/rt.jar:/Library/Java/JavaVirtualMachines/jdk1.8.0_162.jdk/Contents/Home/jre/lib/sunrsasign.jar:/Library/Java/JavaVirtualMachines/jdk1.8.0_162.jdk/Contents/Home/jre/lib/jsse.jar:/Library/Java/JavaVirtualMachines/jdk1.8.0_162.jdk/Contents/Home/jre/lib/jce.jar:/Library/Java/JavaVirtualMachines/jdk1.8.0_162.jdk/Contents/Home/jre/lib/charsets.jar:/Library/Java/JavaVirtualMachines/jdk1.8.0_162.jdk/Contents/Home/jre/lib/jfr.jar:/Library/Java/JavaVirtualMachines/jdk1.8.0_162.jdk/Contents/Home/jre/classes"/>
    <property name="sun.management.compiler" value="HotSpot 64-Bit Tiered Compilers"/>
    <property name="java.runtime.version" value="1.8.0_162-b12"/>
    <property name="user.name" value="cattenlinger"/>
    <property name="path.separator" value=":"/>
    <property name="os.version" value="10.13.3"/>
    <property name="java.endorsed.dirs" value="/Library/Java/JavaVirtualMachines/jdk1.8.0_162.jdk/Contents/Home/jre/lib/endorsed"/>
    <property name="java.runtime.name" value="Java(TM) SE Runtime Environment"/>
    <property name="file.encoding" value="UTF-8"/>
    <property name="java.vm.name" value="Java HotSpot(TM) 64-Bit Server VM"/>
    <property name="localRepository" value="/Users/cattenlinger/.m2/repository"/>
    <property name="java.vendor.url.bug" value="http://bugreport.sun.com/bugreport/"/>
    <property name="java.io.tmpdir" value="/var/folders/vh/d6dyjz5j56dgq1s0w23myg140000gp/T/"/>
    <property name="java.version" value="1.8.0_162"/>
    <property name="user.dir" value="/Users/cattenlinger/Projects/shinonometn.com/re-ssim/re-ssim-caterpillar"/>
    <property name="os.arch" value="x86_64"/>
    <property name="java.vm.specification.name" value="Java Virtual Machine Specification"/>
    <property name="java.awt.printerjob" value="sun.lwawt.macosx.CPrinterJob"/>
    <property name="user.language.format" value="en"/>
    <property name="sun.os.patch.level" value="unknown"/>
    <property name="java.library.path" value="/Users/cattenlinger/Library/Java/Extensions:/Library/Java/Extensions:/Network/Library/Java/Extensions:/System/Library/Java/Extensions:/usr/lib/java:."/>
    <property name="java.vm.info" value="mixed mode"/>
    <property name="java.vendor" value="Oracle Corporation"/>
    <property name="java.vm.version" value="25.162-b12"/>
    <property name="java.ext.dirs" value="/Users/cattenlinger/Library/Java/Extensions:/Library/Java/JavaVirtualMachines/jdk1.8.0_162.jdk/Contents/Home/jre/lib/ext:/Library/Java/Extensions:/Network/Library/Java/Extensions:/System/Library/Java/Extensions:/usr/lib/java"/>
    <property name="sun.io.unicode.encoding" value="UnicodeBig"/>
    <property name="java.class.version" value="52.0"/>
  </properties>
  <testcase name="com.shinonometn.re.ssim.caterpillar.kingo.capture.CalendarPageProcessorTest" classname="com.shinonometn.re.ssim.caterpillar.kingo.capture.CalendarPageProcessorTest" time="0">
    <skipped/>
  </testcase>
</testsuite>